running egg_info
creating ../build/my_num_package/my_num_package.egg-info
writing ../build/my_num_package/my_num_package.egg-info/PKG-INFO
writing dependency_links to ../build/my_num_package/my_num_package.egg-info/dependency_links.txt
writing entry points to ../build/my_num_package/my_num_package.egg-info/entry_points.txt
writing requirements to ../build/my_num_package/my_num_package.egg-info/requires.txt
writing top-level names to ../build/my_num_package/my_num_package.egg-info/top_level.txt
writing manifest file '../build/my_num_package/my_num_package.egg-info/SOURCES.txt'
reading manifest file '../build/my_num_package/my_num_package.egg-info/SOURCES.txt'
writing manifest file '../build/my_num_package/my_num_package.egg-info/SOURCES.txt'
running build
running build_py
creating /home/d/num_ros2/src/build/my_num_package/build
creating /home/d/num_ros2/src/build/my_num_package/build/lib
creating /home/d/num_ros2/src/build/my_num_package/build/lib/my_num_package
copying my_num_package/__init__.py -> /home/d/num_ros2/src/build/my_num_package/build/lib/my_num_package
copying my_num_package/subscriber.py -> /home/d/num_ros2/src/build/my_num_package/build/lib/my_num_package
copying my_num_package/publisher.py -> /home/d/num_ros2/src/build/my_num_package/build/lib/my_num_package
running install
running install_lib
creating /home/d/num_ros2/src/install/my_num_package/lib/python3.12/site-packages/my_num_package
copying /home/d/num_ros2/src/build/my_num_package/build/lib/my_num_package/__init__.py -> /home/d/num_ros2/src/install/my_num_package/lib/python3.12/site-packages/my_num_package
copying /home/d/num_ros2/src/build/my_num_package/build/lib/my_num_package/subscriber.py -> /home/d/num_ros2/src/install/my_num_package/lib/python3.12/site-packages/my_num_package
copying /home/d/num_ros2/src/build/my_num_package/build/lib/my_num_package/publisher.py -> /home/d/num_ros2/src/install/my_num_package/lib/python3.12/site-packages/my_num_package
byte-compiling /home/d/num_ros2/src/install/my_num_package/lib/python3.12/site-packages/my_num_package/__init__.py to __init__.cpython-312.pyc
byte-compiling /home/d/num_ros2/src/install/my_num_package/lib/python3.12/site-packages/my_num_package/subscriber.py to subscriber.cpython-312.pyc
byte-compiling /home/d/num_ros2/src/install/my_num_package/lib/python3.12/site-packages/my_num_package/publisher.py to publisher.cpython-312.pyc
running install_data
creating /home/d/num_ros2/src/install/my_num_package/share/ament_index
creating /home/d/num_ros2/src/install/my_num_package/share/ament_index/resource_index
creating /home/d/num_ros2/src/install/my_num_package/share/ament_index/resource_index/packages
copying resource/my_num_package -> /home/d/num_ros2/src/install/my_num_package/share/ament_index/resource_index/packages
copying package.xml -> /home/d/num_ros2/src/install/my_num_package/share/my_num_package
running install_egg_info
Copying ../build/my_num_package/my_num_package.egg-info to /home/d/num_ros2/src/install/my_num_package/lib/python3.12/site-packages/my_num_package-0.0.0-py3.12.egg-info
running install_scripts
Installing publisher script to /home/d/num_ros2/src/install/my_num_package/lib/my_num_package
Installing subscriber script to /home/d/num_ros2/src/install/my_num_package/lib/my_num_package
writing list of installed files to '/home/d/num_ros2/src/build/my_num_package/install.log'
